# JRE version: OpenJDK Runtime Environment (11.0.12+7) (build 11.0.12+7-b1504.28-7817840)
# Java VM: OpenJDK 64-Bit Server VM (11.0.12+7-b1504.28-7817840, mixed mode, tiered, compressed oops, g1 gc, windows-amd64)
Heap:
 garbage-first heap   total 251904K, used 152813K [0x0000000080000000, 0x0000000100000000)
  region size 1024K, 99 young (101376K), 14 survivors (14336K)
 Metaspace       used 56996K, capacity 58561K, committed 58880K, reserved 1099776K
  class space    used 7271K, capacity 7824K, committed 7936K, reserved 1048576K
GC Heap History (14 events):
Event: 1.593 GC heap before
{Heap before GC invocations=0 (full 0):
 garbage-first heap   total 251904K, used 29696K [0x0000000080000000, 0x0000000100000000)
  region size 1024K, 24 young (24576K), 0 survivors (0K)
 Metaspace       used 10262K, capacity 10557K, committed 10624K, reserved 1058816K
  class space    used 1072K, capacity 1139K, committed 1152K, reserved 1048576K
}
Event: 1.601 GC heap after
{Heap after GC invocations=1 (full 0):
 garbage-first heap   total 251904K, used 9485K [0x0000000080000000, 0x0000000100000000)
  region size 1024K, 3 young (3072K), 3 survivors (3072K)
 Metaspace       used 10262K, capacity 10557K, committed 10624K, reserved 1058816K
  class space    used 1072K, capacity 1139K, committed 1152K, reserved 1048576K
}
Event: 5.856 GC heap before
{Heap before GC invocations=1 (full 0):
 garbage-first heap   total 251904K, used 106765K [0x0000000080000000, 0x0000000100000000)
  region size 1024K, 99 young (101376K), 3 survivors (3072K)
 Metaspace       used 20691K, capacity 21186K, committed 21296K, reserved 1069056K
  class space    used 2533K, capacity 2676K, committed 2688K, reserved 1048576K
}
Event: 5.875 GC heap after
{Heap after GC invocations=2 (full 0):
 garbage-first heap   total 251904K, used 16653K [0x0000000080000000, 0x0000000100000000)
  region size 1024K, 10 young (10240K), 10 survivors (10240K)
 Metaspace       used 20691K, capacity 21186K, committed 21296K, reserved 1069056K
  class space    used 2533K, capacity 2676K, committed 2688K, reserved 1048576K
}
Event: 6.628 GC heap before
{Heap before GC invocations=3 (full 0):
 garbage-first heap   total 251904K, used 54541K [0x0000000080000000, 0x0000000100000000)
  region size 1024K, 47 young (48128K), 10 survivors (10240K)
 Metaspace       used 24416K, capacity 25048K, committed 25216K, reserved 1071104K
  class space    used 3128K, capacity 3351K, committed 3456K, reserved 1048576K
}
Event: 6.637 GC heap after
{Heap after GC invocations=4 (full 0):
 garbage-first heap   total 251904K, used 18398K [0x0000000080000000, 0x0000000100000000)
  region size 1024K, 2 young (2048K), 2 survivors (2048K)
 Metaspace       used 24416K, capacity 25048K, committed 25216K, reserved 1071104K
  class space    used 3128K, capacity 3351K, committed 3456K, reserved 1048576K
}
Event: 8.989 GC heap before
{Heap before GC invocations=4 (full 0):
 garbage-first heap   total 251904K, used 108510K [0x0000000080000000, 0x0000000100000000)
  region size 1024K, 81 young (82944K), 2 survivors (2048K)
 Metaspace       used 32752K, capacity 33709K, committed 33792K, reserved 1079296K
  class space    used 4438K, capacity 4794K, committed 4864K, reserved 1048576K
}
Event: 8.995 GC heap after
{Heap after GC invocations=5 (full 0):
 garbage-first heap   total 251904K, used 35405K [0x0000000080000000, 0x0000000100000000)
  region size 1024K, 9 young (9216K), 9 survivors (9216K)
 Metaspace       used 32752K, capacity 33709K, committed 33792K, reserved 1079296K
  class space    used 4438K, capacity 4794K, committed 4864K, reserved 1048576K
}
Event: 9.413 GC heap before
{Heap before GC invocations=5 (full 0):
 garbage-first heap   total 251904K, used 41549K [0x0000000080000000, 0x0000000100000000)
  region size 1024K, 16 young (16384K), 9 survivors (9216K)
 Metaspace       used 34973K, capacity 35905K, committed 35968K, reserved 1081344K
  class space    used 4584K, capacity 4951K, committed 4992K, reserved 1048576K
}
Event: 9.432 GC heap after
{Heap after GC invocations=6 (full 0):
 garbage-first heap   total 251904K, used 36312K [0x0000000080000000, 0x0000000100000000)
  region size 1024K, 8 young (8192K), 8 survivors (8192K)
 Metaspace       used 34973K, capacity 35905K, committed 35968K, reserved 1081344K
  class space    used 4584K, capacity 4951K, committed 4992K, reserved 1048576K
}
Event: 12.533 GC heap before
{Heap before GC invocations=7 (full 0):
 garbage-first heap   total 251904K, used 148952K [0x0000000080000000, 0x0000000100000000)
  region size 1024K, 111 young (113664K), 8 survivors (8192K)
 Metaspace       used 44829K, capacity 46082K, committed 46336K, reserved 1089536K
  class space    used 5662K, capacity 6112K, committed 6144K, reserved 1048576K
}
Event: 12.545 GC heap after
{Heap after GC invocations=8 (full 0):
 garbage-first heap   total 251904K, used 46607K [0x0000000080000000, 0x0000000100000000)
  region size 1024K, 9 young (9216K), 9 survivors (9216K)
 Metaspace       used 44829K, capacity 46082K, committed 46336K, reserved 1089536K
  class space    used 5662K, capacity 6112K, committed 6144K, reserved 1048576K
}
Event: 17.390 GC heap before
{Heap before GC invocations=8 (full 0):
 garbage-first heap   total 251904K, used 157199K [0x0000000080000000, 0x0000000100000000)
  region size 1024K, 114 young (116736K), 9 survivors (9216K)
 Metaspace       used 50362K, capacity 51860K, committed 52096K, reserved 1093632K
  class space    used 6462K, capacity 6964K, committed 7040K, reserved 1048576K
}
Event: 17.404 GC heap after
{Heap after GC invocations=9 (full 0):
 garbage-first heap   total 251904K, used 57581K [0x0000000080000000, 0x0000000100000000)
  region size 1024K, 14 young (14336K), 14 survivors (14336K)
 Metaspace       used 50362K, capacity 51860K, committed 52096K, reserved 1093632K
  class space    used 6462K, capacity 6964K, committed 7040K, reserved 1048576K
}

