# JRE version: OpenJDK Runtime Environment (11.0.12+7) (build 11.0.12+7-b1504.28-7817840)
# Java VM: OpenJDK 64-Bit Server VM (11.0.12+7-b1504.28-7817840, mixed mode, tiered, compressed oops, g1 gc, windows-amd64)
Heap:
 garbage-first heap   total 251904K, used 79929K [0x000000070a000000, 0x0000000800000000)
  region size 1024K, 58 young (59392K), 8 survivors (8192K)
 Metaspace       used 51136K, capacity 51790K, committed 52096K, reserved 1095680K
  class space    used 5891K, capacity 6153K, committed 6272K, reserved 1048576K
GC Heap History (12 events):
Event: 1.085 GC heap before
{Heap before GC invocations=0 (full 0):
 garbage-first heap   total 251904K, used 27648K [0x000000070a000000, 0x0000000800000000)
  region size 1024K, 24 young (24576K), 0 survivors (0K)
 Metaspace       used 12367K, capacity 12504K, committed 12800K, reserved 1060864K
  class space    used 1167K, capacity 1207K, committed 1280K, reserved 1048576K
}
Event: 1.089 GC heap after
{Heap after GC invocations=1 (full 0):
 garbage-first heap   total 251904K, used 5749K [0x000000070a000000, 0x0000000800000000)
  region size 1024K, 3 young (3072K), 3 survivors (3072K)
 Metaspace       used 12367K, capacity 12504K, committed 12800K, reserved 1060864K
  class space    used 1167K, capacity 1207K, committed 1280K, reserved 1048576K
}
Event: 2.293 GC heap before
{Heap before GC invocations=1 (full 0):
 garbage-first heap   total 251904K, used 40565K [0x000000070a000000, 0x0000000800000000)
  region size 1024K, 38 young (38912K), 3 survivors (3072K)
 Metaspace       used 20757K, capacity 21016K, committed 21248K, reserved 1069056K
  class space    used 2209K, capacity 2286K, committed 2304K, reserved 1048576K
}
Event: 2.313 GC heap after
{Heap after GC invocations=2 (full 0):
 garbage-first heap   total 251904K, used 9093K [0x000000070a000000, 0x0000000800000000)
  region size 1024K, 6 young (6144K), 6 survivors (6144K)
 Metaspace       used 20757K, capacity 21016K, committed 21248K, reserved 1069056K
  class space    used 2209K, capacity 2286K, committed 2304K, reserved 1048576K
}
Event: 3.769 GC heap before
{Heap before GC invocations=3 (full 0):
 garbage-first heap   total 251904K, used 62341K [0x000000070a000000, 0x0000000800000000)
  region size 1024K, 53 young (54272K), 6 survivors (6144K)
 Metaspace       used 31798K, capacity 32304K, committed 32384K, reserved 1077248K
  class space    used 3982K, capacity 4190K, committed 4224K, reserved 1048576K
}
Event: 3.788 GC heap after
{Heap after GC invocations=4 (full 0):
 garbage-first heap   total 251904K, used 20425K [0x000000070a000000, 0x0000000800000000)
  region size 1024K, 7 young (7168K), 7 survivors (7168K)
 Metaspace       used 31798K, capacity 32304K, committed 32384K, reserved 1077248K
  class space    used 3982K, capacity 4190K, committed 4224K, reserved 1048576K
}
Event: 4.217 GC heap before
{Heap before GC invocations=4 (full 0):
 garbage-first heap   total 251904K, used 37833K [0x000000070a000000, 0x0000000800000000)
  region size 1024K, 24 young (24576K), 7 survivors (7168K)
 Metaspace       used 34919K, capacity 35485K, committed 35584K, reserved 1081344K
  class space    used 4323K, capacity 4547K, committed 4608K, reserved 1048576K
}
Event: 4.229 GC heap after
{Heap after GC invocations=5 (full 0):
 garbage-first heap   total 251904K, used 20410K [0x000000070a000000, 0x0000000800000000)
  region size 1024K, 2 young (2048K), 2 survivors (2048K)
 Metaspace       used 34919K, capacity 35485K, committed 35584K, reserved 1081344K
  class space    used 4323K, capacity 4547K, committed 4608K, reserved 1048576K
}
Event: 4.240 GC heap before
{Heap before GC invocations=5 (full 0):
 garbage-first heap   total 251904K, used 20410K [0x000000070a000000, 0x0000000800000000)
  region size 1024K, 3 young (3072K), 2 survivors (2048K)
 Metaspace       used 34947K, capacity 35486K, committed 35584K, reserved 1081344K
  class space    used 4327K, capacity 4547K, committed 4608K, reserved 1048576K
}
Event: 4.244 GC heap after
{Heap after GC invocations=6 (full 0):
 garbage-first heap   total 251904K, used 20290K [0x000000070a000000, 0x0000000800000000)
  region size 1024K, 2 young (2048K), 2 survivors (2048K)
 Metaspace       used 34947K, capacity 35486K, committed 35584K, reserved 1081344K
  class space    used 4327K, capacity 4547K, committed 4608K, reserved 1048576K
}
Event: 6.031 GC heap before
{Heap before GC invocations=7 (full 0):
 garbage-first heap   total 251904K, used 83778K [0x000000070a000000, 0x0000000800000000)
  region size 1024K, 62 young (63488K), 2 survivors (2048K)
 Metaspace       used 46991K, capacity 47619K, committed 47872K, reserved 1091584K
  class space    used 5560K, capacity 5790K, committed 5888K, reserved 1048576K
}
Event: 6.044 GC heap after
{Heap after GC invocations=8 (full 0):
 garbage-first heap   total 251904K, used 28729K [0x000000070a000000, 0x0000000800000000)
  region size 1024K, 8 young (8192K), 8 survivors (8192K)
 Metaspace       used 46991K, capacity 47619K, committed 47872K, reserved 1091584K
  class space    used 5560K, capacity 5790K, committed 5888K, reserved 1048576K
}

