# JRE version: OpenJDK Runtime Environment (11.0.12+7) (build 11.0.12+7-b1504.28-7817840)
# Java VM: OpenJDK 64-Bit Server VM (11.0.12+7-b1504.28-7817840, mixed mode, tiered, compressed oops, g1 gc, windows-amd64)
Heap:
 garbage-first heap   total 303104K, used 214129K [0x0000000080000000, 0x0000000100000000)
  region size 1024K, 121 young (123904K), 20 survivors (20480K)
 Metaspace       used 93910K, capacity 96131K, committed 96256K, reserved 1132544K
  class space    used 12116K, capacity 12939K, committed 13056K, reserved 1048576K
GC Heap History (20 events):
Event: 2.632 GC heap before
{Heap before GC invocations=1 (full 0):
 garbage-first heap   total 251904K, used 36936K [0x0000000080000000, 0x0000000100000000)
  region size 1024K, 30 young (30720K), 3 survivors (3072K)
 Metaspace       used 11235K, capacity 11448K, committed 11520K, reserved 1058816K
  class space    used 1176K, capacity 1244K, committed 1280K, reserved 1048576K
}
Event: 2.637 GC heap after
{Heap after GC invocations=2 (full 0):
 garbage-first heap   total 251904K, used 10083K [0x0000000080000000, 0x0000000100000000)
  region size 1024K, 1 young (1024K), 1 survivors (1024K)
 Metaspace       used 11235K, capacity 11448K, committed 11520K, reserved 1058816K
  class space    used 1176K, capacity 1244K, committed 1280K, reserved 1048576K
}
Event: 4.428 GC heap before
{Heap before GC invocations=2 (full 0):
 garbage-first heap   total 251904K, used 47971K [0x0000000080000000, 0x0000000100000000)
  region size 1024K, 38 young (38912K), 1 survivors (1024K)
 Metaspace       used 16441K, capacity 16882K, committed 16896K, reserved 1064960K
  class space    used 1893K, capacity 2036K, committed 2048K, reserved 1048576K
}
Event: 4.450 GC heap after
{Heap after GC invocations=3 (full 0):
 garbage-first heap   total 251904K, used 15594K [0x0000000080000000, 0x0000000100000000)
  region size 1024K, 5 young (5120K), 5 survivors (5120K)
 Metaspace       used 16441K, capacity 16882K, committed 16896K, reserved 1064960K
  class space    used 1893K, capacity 2036K, committed 2048K, reserved 1048576K
}
Event: 5.173 GC heap before
{Heap before GC invocations=3 (full 0):
 garbage-first heap   total 251904K, used 52458K [0x0000000080000000, 0x0000000100000000)
  region size 1024K, 42 young (43008K), 5 survivors (5120K)
 Metaspace       used 20718K, capacity 21158K, committed 21248K, reserved 1067008K
  class space    used 2550K, capacity 2729K, committed 2816K, reserved 1048576K
}
Event: 5.204 GC heap after
{Heap after GC invocations=4 (full 0):
 garbage-first heap   total 251904K, used 17108K [0x0000000080000000, 0x0000000100000000)
  region size 1024K, 7 young (7168K), 7 survivors (7168K)
 Metaspace       used 20718K, capacity 21158K, committed 21248K, reserved 1067008K
  class space    used 2550K, capacity 2729K, committed 2816K, reserved 1048576K
}
Event: 6.733 GC heap before
{Heap before GC invocations=5 (full 0):
 garbage-first heap   total 251904K, used 99028K [0x0000000080000000, 0x0000000100000000)
  region size 1024K, 77 young (78848K), 7 survivors (7168K)
 Metaspace       used 27600K, capacity 28405K, committed 28544K, reserved 1073152K
  class space    used 3667K, capacity 3960K, committed 3968K, reserved 1048576K
}
Event: 6.765 GC heap after
{Heap after GC invocations=6 (full 0):
 garbage-first heap   total 251904K, used 33826K [0x0000000080000000, 0x0000000100000000)
  region size 1024K, 8 young (8192K), 8 survivors (8192K)
 Metaspace       used 27600K, capacity 28405K, committed 28544K, reserved 1073152K
  class space    used 3667K, capacity 3960K, committed 3968K, reserved 1048576K
}
Event: 8.028 GC heap before
{Heap before GC invocations=6 (full 0):
 garbage-first heap   total 251904K, used 100386K [0x0000000080000000, 0x0000000100000000)
  region size 1024K, 74 young (75776K), 8 survivors (8192K)
 Metaspace       used 34822K, capacity 35838K, committed 35840K, reserved 1081344K
  class space    used 4657K, capacity 4990K, committed 4992K, reserved 1048576K
}
Event: 8.048 GC heap after
{Heap after GC invocations=7 (full 0):
 garbage-first heap   total 303104K, used 36103K [0x0000000080000000, 0x0000000100000000)
  region size 1024K, 9 young (9216K), 9 survivors (9216K)
 Metaspace       used 34822K, capacity 35838K, committed 35840K, reserved 1081344K
  class space    used 4657K, capacity 4990K, committed 4992K, reserved 1048576K
}
Event: 10.251 GC heap before
{Heap before GC invocations=8 (full 0):
 garbage-first heap   total 303104K, used 156935K [0x0000000080000000, 0x0000000100000000)
  region size 1024K, 120 young (122880K), 9 survivors (9216K)
 Metaspace       used 46042K, capacity 47248K, committed 47616K, reserved 1091584K
  class space    used 5837K, capacity 6287K, committed 6400K, reserved 1048576K
}
Event: 10.274 GC heap after
{Heap after GC invocations=9 (full 0):
 garbage-first heap   total 303104K, used 50325K [0x0000000080000000, 0x0000000100000000)
  region size 1024K, 13 young (13312K), 13 survivors (13312K)
 Metaspace       used 46042K, capacity 47248K, committed 47616K, reserved 1091584K
  class space    used 5837K, capacity 6287K, committed 6400K, reserved 1048576K
}
Event: 12.600 GC heap before
{Heap before GC invocations=9 (full 0):
 garbage-first heap   total 303104K, used 194709K [0x0000000080000000, 0x0000000100000000)
  region size 1024K, 144 young (147456K), 13 survivors (13312K)
 Metaspace       used 51944K, capacity 53424K, committed 53632K, reserved 1095680K
  class space    used 6700K, capacity 7223K, committed 7296K, reserved 1048576K
}
Event: 12.654 GC heap after
{Heap after GC invocations=10 (full 0):
 garbage-first heap   total 303104K, used 71453K [0x0000000080000000, 0x0000000100000000)
  region size 1024K, 12 young (12288K), 12 survivors (12288K)
 Metaspace       used 51944K, capacity 53424K, committed 53632K, reserved 1095680K
  class space    used 6700K, capacity 7223K, committed 7296K, reserved 1048576K
}
Event: 13.796 GC heap before
{Heap before GC invocations=10 (full 0):
 garbage-first heap   total 303104K, used 132893K [0x0000000080000000, 0x0000000100000000)
  region size 1024K, 71 young (72704K), 12 survivors (12288K)
 Metaspace       used 58675K, capacity 60245K, committed 60288K, reserved 1101824K
  class space    used 7559K, capacity 8173K, committed 8192K, reserved 1048576K
}
Event: 13.819 GC heap after
{Heap after GC invocations=11 (full 0):
 garbage-first heap   total 303104K, used 78359K [0x0000000080000000, 0x0000000100000000)
  region size 1024K, 17 young (17408K), 17 survivors (17408K)
 Metaspace       used 58675K, capacity 60245K, committed 60288K, reserved 1101824K
  class space    used 7559K, capacity 8173K, committed 8192K, reserved 1048576K
}
Event: 16.924 GC heap before
{Heap before GC invocations=12 (full 0):
 garbage-first heap   total 303104K, used 227863K [0x0000000080000000, 0x0000000100000000)
  region size 1024K, 163 young (166912K), 17 survivors (17408K)
 Metaspace       used 71453K, capacity 73313K, committed 73344K, reserved 1112064K
  class space    used 9138K, capacity 9829K, committed 9856K, reserved 1048576K
}
Event: 17.078 GC heap after
{Heap after GC invocations=13 (full 0):
 garbage-first heap   total 303104K, used 88000K [0x0000000080000000, 0x0000000100000000)
  region size 1024K, 15 young (15360K), 15 survivors (15360K)
 Metaspace       used 71453K, capacity 73313K, committed 73344K, reserved 1112064K
  class space    used 9138K, capacity 9829K, committed 9856K, reserved 1048576K
}
Event: 20.509 GC heap before
{Heap before GC invocations=14 (full 0):
 garbage-first heap   total 303104K, used 243648K [0x0000000080000000, 0x0000000100000000)
  region size 1024K, 158 young (161792K), 15 survivors (15360K)
 Metaspace       used 82798K, capacity 84925K, committed 85248K, reserved 1122304K
  class space    used 10702K, capacity 11450K, committed 11520K, reserved 1048576K
}
Event: 20.532 GC heap after
{Heap after GC invocations=15 (full 0):
 garbage-first heap   total 303104K, used 111729K [0x0000000080000000, 0x0000000100000000)
  region size 1024K, 20 young (20480K), 20 survivors (20480K)
 Metaspace       used 82798K, capacity 84925K, committed 85248K, reserved 1122304K
  class space    used 10702K, capacity 11450K, committed 11520K, reserved 1048576K
}

