# JRE version: OpenJDK Runtime Environment (11.0.12+7) (build 11.0.12+7-b1504.28-7817840)
# Java VM: OpenJDK 64-Bit Server VM (11.0.12+7-b1504.28-7817840, mixed mode, tiered, compressed oops, g1 gc, windows-amd64)
Heap:
 garbage-first heap   total 251904K, used 99270K [0x0000000080000000, 0x0000000100000000)
  region size 1024K, 71 young (72704K), 10 survivors (10240K)
 Metaspace       used 41415K, capacity 42476K, committed 42544K, reserved 1085440K
  class space    used 5308K, capacity 5705K, committed 5760K, reserved 1048576K
GC Heap History (10 events):
Event: 1.747 GC heap before
{Heap before GC invocations=0 (full 0):
 garbage-first heap   total 251904K, used 29696K [0x0000000080000000, 0x0000000100000000)
  region size 1024K, 24 young (24576K), 0 survivors (0K)
 Metaspace       used 10269K, capacity 10565K, committed 10624K, reserved 1058816K
  class space    used 1073K, capacity 1139K, committed 1152K, reserved 1048576K
}
Event: 1.762 GC heap after
{Heap after GC invocations=1 (full 0):
 garbage-first heap   total 251904K, used 9332K [0x0000000080000000, 0x0000000100000000)
  region size 1024K, 3 young (3072K), 3 survivors (3072K)
 Metaspace       used 10269K, capacity 10565K, committed 10624K, reserved 1058816K
  class space    used 1073K, capacity 1139K, committed 1152K, reserved 1048576K
}
Event: 3.551 GC heap before
{Heap before GC invocations=1 (full 0):
 garbage-first heap   total 251904K, used 66676K [0x0000000080000000, 0x0000000100000000)
  region size 1024K, 59 young (60416K), 3 survivors (3072K)
 Metaspace       used 14332K, capacity 14665K, committed 14848K, reserved 1062912K
  class space    used 1625K, capacity 1718K, committed 1792K, reserved 1048576K
}
Event: 3.561 GC heap after
{Heap after GC invocations=2 (full 0):
 garbage-first heap   total 251904K, used 15045K [0x0000000080000000, 0x0000000100000000)
  region size 1024K, 8 young (8192K), 8 survivors (8192K)
 Metaspace       used 14332K, capacity 14665K, committed 14848K, reserved 1062912K
  class space    used 1625K, capacity 1718K, committed 1792K, reserved 1048576K
}
Event: 6.664 GC heap before
{Heap before GC invocations=2 (full 0):
 garbage-first heap   total 251904K, used 53957K [0x0000000080000000, 0x0000000100000000)
  region size 1024K, 47 young (48128K), 8 survivors (8192K)
 Metaspace       used 20681K, capacity 21130K, committed 21296K, reserved 1069056K
  class space    used 2533K, capacity 2676K, committed 2688K, reserved 1048576K
}
Event: 6.678 GC heap after
{Heap after GC invocations=3 (full 0):
 garbage-first heap   total 251904K, used 17432K [0x0000000080000000, 0x0000000100000000)
  region size 1024K, 3 young (3072K), 3 survivors (3072K)
 Metaspace       used 20681K, capacity 21130K, committed 21296K, reserved 1069056K
  class space    used 2533K, capacity 2676K, committed 2688K, reserved 1048576K
}
Event: 10.136 GC heap before
{Heap before GC invocations=4 (full 0):
 garbage-first heap   total 251904K, used 96280K [0x0000000080000000, 0x0000000100000000)
  region size 1024K, 71 young (72704K), 3 survivors (3072K)
 Metaspace       used 27343K, capacity 28214K, committed 28464K, reserved 1073152K
  class space    used 3605K, capacity 3891K, committed 3968K, reserved 1048576K
}
Event: 10.144 GC heap after
{Heap after GC invocations=5 (full 0):
 garbage-first heap   total 251904K, used 32788K [0x0000000080000000, 0x0000000100000000)
  region size 1024K, 8 young (8192K), 8 survivors (8192K)
 Metaspace       used 27343K, capacity 28214K, committed 28464K, reserved 1073152K
  class space    used 3605K, capacity 3891K, committed 3968K, reserved 1048576K
}
Event: 12.068 GC heap before
{Heap before GC invocations=5 (full 0):
 garbage-first heap   total 251904K, used 89108K [0x0000000080000000, 0x0000000100000000)
  region size 1024K, 64 young (65536K), 8 survivors (8192K)
 Metaspace       used 34608K, capacity 35529K, committed 35632K, reserved 1079296K
  class space    used 4562K, capacity 4930K, committed 4992K, reserved 1048576K
}
Event: 12.083 GC heap after
{Heap after GC invocations=6 (full 0):
 garbage-first heap   total 251904K, used 35782K [0x0000000080000000, 0x0000000100000000)
  region size 1024K, 10 young (10240K), 10 survivors (10240K)
 Metaspace       used 34608K, capacity 35529K, committed 35632K, reserved 1079296K
  class space    used 4562K, capacity 4930K, committed 4992K, reserved 1048576K
}

