# JRE version: OpenJDK Runtime Environment (11.0.12+7) (build 11.0.12+7-b1504.28-7817840)
# Java VM: OpenJDK 64-Bit Server VM (11.0.12+7-b1504.28-7817840, mixed mode, tiered, compressed oops, g1 gc, windows-amd64)
Heap:
 garbage-first heap   total 251904K, used 48925K [0x0000000080000000, 0x0000000100000000)
  region size 1024K, 23 young (23552K), 6 survivors (6144K)
 Metaspace       used 29011K, capacity 29860K, committed 30000K, reserved 1075200K
  class space    used 3864K, capacity 4182K, committed 4224K, reserved 1048576K
GC Heap History (8 events):
Event: 2.086 GC heap before
{Heap before GC invocations=0 (full 0):
 garbage-first heap   total 251904K, used 29696K [0x0000000080000000, 0x0000000100000000)
  region size 1024K, 24 young (24576K), 0 survivors (0K)
 Metaspace       used 10272K, capacity 10565K, committed 10624K, reserved 1058816K
  class space    used 1073K, capacity 1139K, committed 1152K, reserved 1048576K
}
Event: 2.113 GC heap after
{Heap after GC invocations=1 (full 0):
 garbage-first heap   total 251904K, used 9309K [0x0000000080000000, 0x0000000100000000)
  region size 1024K, 3 young (3072K), 3 survivors (3072K)
 Metaspace       used 10272K, capacity 10565K, committed 10624K, reserved 1058816K
  class space    used 1073K, capacity 1139K, committed 1152K, reserved 1048576K
}
Event: 8.295 GC heap before
{Heap before GC invocations=1 (full 0):
 garbage-first heap   total 251904K, used 106589K [0x0000000080000000, 0x0000000100000000)
  region size 1024K, 99 young (101376K), 3 survivors (3072K)
 Metaspace       used 20695K, capacity 21194K, committed 21296K, reserved 1069056K
  class space    used 2531K, capacity 2676K, committed 2688K, reserved 1048576K
}
Event: 8.311 GC heap after
{Heap after GC invocations=2 (full 0):
 garbage-first heap   total 251904K, used 16477K [0x0000000080000000, 0x0000000100000000)
  region size 1024K, 10 young (10240K), 10 survivors (10240K)
 Metaspace       used 20695K, capacity 21194K, committed 21296K, reserved 1069056K
  class space    used 2531K, capacity 2676K, committed 2688K, reserved 1048576K
}
Event: 8.860 GC heap before
{Heap before GC invocations=3 (full 0):
 garbage-first heap   total 251904K, used 28765K [0x0000000080000000, 0x0000000100000000)
  region size 1024K, 22 young (22528K), 10 survivors (10240K)
 Metaspace       used 22095K, capacity 22677K, committed 22960K, reserved 1069056K
  class space    used 2770K, capacity 2963K, committed 3072K, reserved 1048576K
}
Event: 8.867 GC heap after
{Heap after GC invocations=4 (full 0):
 garbage-first heap   total 251904K, used 17438K [0x0000000080000000, 0x0000000100000000)
  region size 1024K, 1 young (1024K), 1 survivors (1024K)
 Metaspace       used 22095K, capacity 22677K, committed 22960K, reserved 1069056K
  class space    used 2770K, capacity 2963K, committed 3072K, reserved 1048576K
}
Event: 10.522 GC heap before
{Heap before GC invocations=4 (full 0):
 garbage-first heap   total 251904K, used 89118K [0x0000000080000000, 0x0000000100000000)
  region size 1024K, 61 young (62464K), 1 survivors (1024K)
 Metaspace       used 27567K, capacity 28402K, committed 28464K, reserved 1073152K
  class space    used 3635K, capacity 3928K, committed 3968K, reserved 1048576K
}
Event: 10.528 GC heap after
{Heap after GC invocations=5 (full 0):
 garbage-first heap   total 251904K, used 32541K [0x0000000080000000, 0x0000000100000000)
  region size 1024K, 6 young (6144K), 6 survivors (6144K)
 Metaspace       used 27567K, capacity 28402K, committed 28464K, reserved 1073152K
  class space    used 3635K, capacity 3928K, committed 3968K, reserved 1048576K
}

