# JRE version: OpenJDK Runtime Environment (11.0.12+7) (build 11.0.12+7-b1504.28-7817840)
# Java VM: OpenJDK 64-Bit Server VM (11.0.12+7-b1504.28-7817840, mixed mode, tiered, compressed oops, g1 gc, windows-amd64)
Heap:
 garbage-first heap   total 364544K, used 179995K [0x0000000080000000, 0x0000000100000000)
  region size 1024K, 61 young (62464K), 18 survivors (18432K)
 Metaspace       used 101314K, capacity 103839K, committed 104024K, reserved 1138688K
  class space    used 12947K, capacity 13828K, committed 13952K, reserved 1048576K
GC Heap History (20 events):
Event: 50.434 GC heap before
{Heap before GC invocations=59 (full 0):
 garbage-first heap   total 364544K, used 294708K [0x0000000080000000, 0x0000000100000000)
  region size 1024K, 213 young (218112K), 9 survivors (9216K)
 Metaspace       used 58401K, capacity 59981K, committed 60416K, reserved 1101824K
  class space    used 7422K, capacity 7973K, committed 8064K, reserved 1048576K
}
Event: 50.442 GC heap after
{Heap after GC invocations=60 (full 0):
 garbage-first heap   total 364544K, used 80924K [0x0000000080000000, 0x0000000100000000)
  region size 1024K, 6 young (6144K), 6 survivors (6144K)
 Metaspace       used 58401K, capacity 59981K, committed 60416K, reserved 1101824K
  class space    used 7422K, capacity 7973K, committed 8064K, reserved 1048576K
}
Event: 51.285 GC heap before
{Heap before GC invocations=60 (full 0):
 garbage-first heap   total 364544K, used 292892K [0x0000000080000000, 0x0000000100000000)
  region size 1024K, 213 young (218112K), 6 survivors (6144K)
 Metaspace       used 58401K, capacity 59981K, committed 60416K, reserved 1101824K
  class space    used 7422K, capacity 7973K, committed 8064K, reserved 1048576K
}
Event: 51.293 GC heap after
{Heap after GC invocations=61 (full 0):
 garbage-first heap   total 364544K, used 81965K [0x0000000080000000, 0x0000000100000000)
  region size 1024K, 7 young (7168K), 7 survivors (7168K)
 Metaspace       used 58401K, capacity 59981K, committed 60416K, reserved 1101824K
  class space    used 7422K, capacity 7973K, committed 8064K, reserved 1048576K
}
Event: 52.084 GC heap before
{Heap before GC invocations=61 (full 0):
 garbage-first heap   total 364544K, used 292909K [0x0000000080000000, 0x0000000100000000)
  region size 1024K, 213 young (218112K), 7 survivors (7168K)
 Metaspace       used 58401K, capacity 59981K, committed 60416K, reserved 1101824K
  class space    used 7422K, capacity 7973K, committed 8064K, reserved 1048576K
}
Event: 52.094 GC heap after
{Heap after GC invocations=62 (full 0):
 garbage-first heap   total 364544K, used 82584K [0x0000000080000000, 0x0000000100000000)
  region size 1024K, 7 young (7168K), 7 survivors (7168K)
 Metaspace       used 58401K, capacity 59981K, committed 60416K, reserved 1101824K
  class space    used 7422K, capacity 7973K, committed 8064K, reserved 1048576K
}
Event: 53.015 GC heap before
{Heap before GC invocations=62 (full 0):
 garbage-first heap   total 364544K, used 293528K [0x0000000080000000, 0x0000000100000000)
  region size 1024K, 213 young (218112K), 7 survivors (7168K)
 Metaspace       used 58401K, capacity 59981K, committed 60416K, reserved 1101824K
  class space    used 7422K, capacity 7973K, committed 8064K, reserved 1048576K
}
Event: 53.025 GC heap after
{Heap after GC invocations=63 (full 0):
 garbage-first heap   total 364544K, used 84599K [0x0000000080000000, 0x0000000100000000)
  region size 1024K, 9 young (9216K), 9 survivors (9216K)
 Metaspace       used 58401K, capacity 59981K, committed 60416K, reserved 1101824K
  class space    used 7422K, capacity 7973K, committed 8064K, reserved 1048576K
}
Event: 57.005 GC heap before
{Heap before GC invocations=63 (full 0):
 garbage-first heap   total 364544K, used 294519K [0x0000000080000000, 0x0000000100000000)
  region size 1024K, 213 young (218112K), 9 survivors (9216K)
 Metaspace       used 58466K, capacity 59996K, committed 60416K, reserved 1101824K
  class space    used 7423K, capacity 7975K, committed 8064K, reserved 1048576K
}
Event: 57.007 GC heap after
{Heap after GC invocations=64 (full 0):
 garbage-first heap   total 364544K, used 76096K [0x0000000080000000, 0x0000000100000000)
  region size 1024K, 3 young (3072K), 3 survivors (3072K)
 Metaspace       used 58466K, capacity 59996K, committed 60416K, reserved 1101824K
  class space    used 7423K, capacity 7975K, committed 8064K, reserved 1048576K
}
Event: 58.307 GC heap before
{Heap before GC invocations=64 (full 0):
 garbage-first heap   total 364544K, used 292160K [0x0000000080000000, 0x0000000100000000)
  region size 1024K, 213 young (218112K), 3 survivors (3072K)
 Metaspace       used 58474K, capacity 60061K, committed 60416K, reserved 1101824K
  class space    used 7423K, capacity 7975K, committed 8064K, reserved 1048576K
}
Event: 58.309 GC heap after
{Heap after GC invocations=65 (full 0):
 garbage-first heap   total 364544K, used 73699K [0x0000000080000000, 0x0000000100000000)
  region size 1024K, 2 young (2048K), 2 survivors (2048K)
 Metaspace       used 58474K, capacity 60061K, committed 60416K, reserved 1101824K
  class space    used 7423K, capacity 7975K, committed 8064K, reserved 1048576K
}
Event: 62.409 GC heap before
{Heap before GC invocations=65 (full 0):
 garbage-first heap   total 364544K, used 296931K [0x0000000080000000, 0x0000000100000000)
  region size 1024K, 213 young (218112K), 2 survivors (2048K)
 Metaspace       used 70983K, capacity 72888K, committed 73216K, reserved 1112064K
  class space    used 8976K, capacity 9644K, committed 9728K, reserved 1048576K
}
Event: 62.420 GC heap after
{Heap after GC invocations=66 (full 0):
 garbage-first heap   total 364544K, used 93409K [0x0000000080000000, 0x0000000100000000)
  region size 1024K, 13 young (13312K), 13 survivors (13312K)
 Metaspace       used 70983K, capacity 72888K, committed 73216K, reserved 1112064K
  class space    used 8976K, capacity 9644K, committed 9728K, reserved 1048576K
}
Event: 68.280 GC heap before
{Heap before GC invocations=66 (full 0):
 garbage-first heap   total 364544K, used 298209K [0x0000000080000000, 0x0000000100000000)
  region size 1024K, 213 young (218112K), 13 survivors (13312K)
 Metaspace       used 85472K, capacity 87470K, committed 87552K, reserved 1124352K
  class space    used 10980K, capacity 11724K, committed 11776K, reserved 1048576K
}
Event: 68.298 GC heap after
{Heap after GC invocations=67 (full 0):
 garbage-first heap   total 364544K, used 107308K [0x0000000080000000, 0x0000000100000000)
  region size 1024K, 26 young (26624K), 26 survivors (26624K)
 Metaspace       used 85472K, capacity 87470K, committed 87552K, reserved 1124352K
  class space    used 10980K, capacity 11724K, committed 11776K, reserved 1048576K
}
Event: 72.403 GC heap before
{Heap before GC invocations=67 (full 0):
 garbage-first heap   total 364544K, used 252716K [0x0000000080000000, 0x0000000100000000)
  region size 1024K, 159 young (162816K), 26 survivors (26624K)
 Metaspace       used 98263K, capacity 100612K, committed 100696K, reserved 1136640K
  class space    used 12529K, capacity 13381K, committed 13440K, reserved 1048576K
}
Event: 72.459 GC heap after
{Heap after GC invocations=68 (full 0):
 garbage-first heap   total 364544K, used 129841K [0x0000000080000000, 0x0000000100000000)
  region size 1024K, 13 young (13312K), 13 survivors (13312K)
 Metaspace       used 98263K, capacity 100612K, committed 100696K, reserved 1136640K
  class space    used 12529K, capacity 13381K, committed 13440K, reserved 1048576K
}
Event: 75.179 GC heap before
{Heap before GC invocations=69 (full 0):
 garbage-first heap   total 364544K, used 295729K [0x0000000080000000, 0x0000000100000000)
  region size 1024K, 173 young (177152K), 13 survivors (13312K)
 Metaspace       used 101328K, capacity 103863K, committed 104024K, reserved 1138688K
  class space    used 12953K, capacity 13836K, committed 13952K, reserved 1048576K
}
Event: 75.196 GC heap after
{Heap after GC invocations=70 (full 0):
 garbage-first heap   total 364544K, used 136987K [0x0000000080000000, 0x0000000100000000)
  region size 1024K, 18 young (18432K), 18 survivors (18432K)
 Metaspace       used 101328K, capacity 103863K, committed 104024K, reserved 1138688K
  class space    used 12953K, capacity 13836K, committed 13952K, reserved 1048576K
}

