# JRE version: OpenJDK Runtime Environment (11.0.12+7) (build 11.0.12+7-b1504.28-7817840)
# Java VM: OpenJDK 64-Bit Server VM (11.0.12+7-b1504.28-7817840, mixed mode, tiered, compressed oops, g1 gc, windows-amd64)
Heap:
 garbage-first heap   total 303104K, used 47848K [0x000000070a000000, 0x0000000800000000)
  region size 1024K, 10 young (10240K), 8 survivors (8192K)
 Metaspace       used 59328K, capacity 60040K, committed 60248K, reserved 1101824K
  class space    used 6716K, capacity 7004K, committed 7040K, reserved 1048576K
GC Heap History (16 events):
Event: 1.246 GC heap before
{Heap before GC invocations=0 (full 0):
 garbage-first heap   total 251904K, used 27648K [0x000000070a000000, 0x0000000800000000)
  region size 1024K, 24 young (24576K), 0 survivors (0K)
 Metaspace       used 12364K, capacity 12504K, committed 12800K, reserved 1060864K
  class space    used 1167K, capacity 1207K, committed 1280K, reserved 1048576K
}
Event: 1.253 GC heap after
{Heap after GC invocations=1 (full 0):
 garbage-first heap   total 251904K, used 5751K [0x000000070a000000, 0x0000000800000000)
  region size 1024K, 3 young (3072K), 3 survivors (3072K)
 Metaspace       used 12364K, capacity 12504K, committed 12800K, reserved 1060864K
  class space    used 1167K, capacity 1207K, committed 1280K, reserved 1048576K
}
Event: 2.355 GC heap before
{Heap before GC invocations=1 (full 0):
 garbage-first heap   total 251904K, used 40567K [0x000000070a000000, 0x0000000800000000)
  region size 1024K, 38 young (38912K), 3 survivors (3072K)
 Metaspace       used 20754K, capacity 21016K, committed 21248K, reserved 1069056K
  class space    used 2209K, capacity 2286K, committed 2304K, reserved 1048576K
}
Event: 2.371 GC heap after
{Heap after GC invocations=2 (full 0):
 garbage-first heap   total 251904K, used 9136K [0x000000070a000000, 0x0000000800000000)
  region size 1024K, 6 young (6144K), 6 survivors (6144K)
 Metaspace       used 20754K, capacity 21016K, committed 21248K, reserved 1069056K
  class space    used 2209K, capacity 2286K, committed 2304K, reserved 1048576K
}
Event: 3.766 GC heap before
{Heap before GC invocations=3 (full 0):
 garbage-first heap   total 251904K, used 62384K [0x000000070a000000, 0x0000000800000000)
  region size 1024K, 53 young (54272K), 6 survivors (6144K)
 Metaspace       used 31905K, capacity 32466K, committed 32640K, reserved 1077248K
  class space    used 3999K, capacity 4223K, committed 4224K, reserved 1048576K
}
Event: 3.783 GC heap after
{Heap after GC invocations=4 (full 0):
 garbage-first heap   total 251904K, used 20369K [0x000000070a000000, 0x0000000800000000)
  region size 1024K, 7 young (7168K), 7 survivors (7168K)
 Metaspace       used 31905K, capacity 32466K, committed 32640K, reserved 1077248K
  class space    used 3999K, capacity 4223K, committed 4224K, reserved 1048576K
}
Event: 3.980 GC heap before
{Heap before GC invocations=4 (full 0):
 garbage-first heap   total 251904K, used 25489K [0x000000070a000000, 0x0000000800000000)
  region size 1024K, 12 young (12288K), 7 survivors (7168K)
 Metaspace       used 33208K, capacity 33778K, committed 33920K, reserved 1079296K
  class space    used 4161K, capacity 4383K, committed 4480K, reserved 1048576K
}
Event: 3.992 GC heap after
{Heap after GC invocations=5 (full 0):
 garbage-first heap   total 251904K, used 21616K [0x000000070a000000, 0x0000000800000000)
  region size 1024K, 1 young (1024K), 1 survivors (1024K)
 Metaspace       used 33208K, capacity 33778K, committed 33920K, reserved 1079296K
  class space    used 4161K, capacity 4383K, committed 4480K, reserved 1048576K
}
Event: 4.320 GC heap before
{Heap before GC invocations=5 (full 0):
 garbage-first heap   total 251904K, used 33904K [0x000000070a000000, 0x0000000800000000)
  region size 1024K, 14 young (14336K), 1 survivors (1024K)
 Metaspace       used 34998K, capacity 35486K, committed 35584K, reserved 1081344K
  class space    used 4334K, capacity 4547K, committed 4608K, reserved 1048576K
}
Event: 4.325 GC heap after
{Heap after GC invocations=6 (full 0):
 garbage-first heap   total 303104K, used 20248K [0x000000070a000000, 0x0000000800000000)
  region size 1024K, 2 young (2048K), 2 survivors (2048K)
 Metaspace       used 34998K, capacity 35486K, committed 35584K, reserved 1081344K
  class space    used 4334K, capacity 4547K, committed 4608K, reserved 1048576K
}
Event: 6.259 GC heap before
{Heap before GC invocations=7 (full 0):
 garbage-first heap   total 303104K, used 82712K [0x000000070a000000, 0x0000000800000000)
  region size 1024K, 61 young (62464K), 2 survivors (2048K)
 Metaspace       used 46866K, capacity 47492K, committed 47616K, reserved 1091584K
  class space    used 5551K, capacity 5790K, committed 5888K, reserved 1048576K
}
Event: 6.269 GC heap after
{Heap after GC invocations=8 (full 0):
 garbage-first heap   total 303104K, used 28731K [0x000000070a000000, 0x0000000800000000)
  region size 1024K, 8 young (8192K), 8 survivors (8192K)
 Metaspace       used 46866K, capacity 47492K, committed 47616K, reserved 1091584K
  class space    used 5551K, capacity 5790K, committed 5888K, reserved 1048576K
}
Event: 8.287 GC heap before
{Heap before GC invocations=8 (full 0):
 garbage-first heap   total 303104K, used 114747K [0x000000070a000000, 0x0000000800000000)
  region size 1024K, 91 young (93184K), 8 survivors (8192K)
 Metaspace       used 52688K, capacity 53299K, committed 53504K, reserved 1095680K
  class space    used 6021K, capacity 6293K, committed 6400K, reserved 1048576K
}
Event: 8.306 GC heap after
{Heap after GC invocations=9 (full 0):
 garbage-first heap   total 303104K, used 38806K [0x000000070a000000, 0x0000000800000000)
  region size 1024K, 10 young (10240K), 10 survivors (10240K)
 Metaspace       used 52688K, capacity 53299K, committed 53504K, reserved 1095680K
  class space    used 6021K, capacity 6293K, committed 6400K, reserved 1048576K
}
Event: 10.260 GC heap before
{Heap before GC invocations=9 (full 0):
 garbage-first heap   total 303104K, used 102294K [0x000000070a000000, 0x0000000800000000)
  region size 1024K, 73 young (74752K), 10 survivors (10240K)
 Metaspace       used 58937K, capacity 59592K, committed 59736K, reserved 1101824K
  class space    used 6674K, capacity 6940K, committed 7040K, reserved 1048576K
}
Event: 10.280 GC heap after
{Heap after GC invocations=10 (full 0):
 garbage-first heap   total 303104K, used 46824K [0x000000070a000000, 0x0000000800000000)
  region size 1024K, 8 young (8192K), 8 survivors (8192K)
 Metaspace       used 58937K, capacity 59592K, committed 59736K, reserved 1101824K
  class space    used 6674K, capacity 6940K, committed 7040K, reserved 1048576K
}

